2020-03-05 01:30:51[WARN]<get_cb> open file error file:favicon.ico
2020-03-05 01:30:54[WARN]<get_cb> open file error file:favicon.ico
2020-03-05 01:30:57[WARN]<get_cb> open file error file:favicon.ico
2020-03-05 01:30:58[WARN]<get_cb> open file error file:favicon.ico
2020-03-05 01:30:59[WARN]<get_cb> open file error file:favicon.ico
2020-03-05 01:31:00[WARN]<get_cb> open file error file:favicon.ico
2020-03-05 01:31:37[WARN]<connect_redis> redis AUTH error addr:127.0.0.1 port:6379, password:hello world
2020-03-05 01:31:42[WARN]<add_visit_record> page_link:/favicon.ico reply_type:6
2020-03-05 01:31:42[WARN]<get_cb> open file error file:favicon.ico
2020-03-05 01:31:43[WARN]<add_visit_record> page_link:/html/Ref5_evutil.html reply_type:6
2020-03-05 01:31:43[WARN]<add_visit_record> page_link:/favicon.ico reply_type:6
2020-03-05 01:31:43[WARN]<get_cb> open file error file:favicon.ico
2020-03-05 01:31:45[WARN]<add_visit_record> page_link:/favicon.ico reply_type:6
2020-03-05 01:31:45[WARN]<get_cb> open file error file:favicon.ico
2020-03-05 01:31:45[WARN]<add_visit_record> page_link:/html/license_bsd.html reply_type:6
2020-03-05 01:31:46[WARN]<add_visit_record> page_link:/favicon.ico reply_type:6
2020-03-05 01:31:46[WARN]<get_cb> open file error file:favicon.ico
2020-03-05 01:31:47[WARN]<add_visit_record> page_link:/favicon.ico reply_type:6
2020-03-05 01:31:47[WARN]<get_cb> open file error file:favicon.ico
2020-03-05 01:31:48[WARN]<add_visit_record> page_link:/html/Ref7_evbuffer.html reply_type:6
2020-03-05 01:31:48[WARN]<add_visit_record> page_link:/favicon.ico reply_type:6
2020-03-05 01:31:48[WARN]<get_cb> open file error file:favicon.ico
2020-03-05 01:31:50[WARN]<add_visit_record> page_link:/favicon.ico reply_type:6
2020-03-05 01:31:50[WARN]<get_cb> open file error file:favicon.ico
2020-03-05 01:31:50[WARN]<add_visit_record> page_link:/html/Ref5_evutil.html reply_type:6
2020-03-05 01:31:50[WARN]<add_visit_record> page_link:/favicon.ico reply_type:6
2020-03-05 01:31:50[WARN]<get_cb> open file error file:favicon.ico
2020-03-05 01:31:52[WARN]<add_visit_record> page_link:/favicon.ico reply_type:6
2020-03-05 01:31:52[WARN]<get_cb> open file error file:favicon.ico
2020-03-05 01:31:53[WARN]<add_visit_record> page_link:/html/Ref8_listener.html reply_type:6
2020-03-05 01:31:53[WARN]<add_visit_record> page_link:/favicon.ico reply_type:6
2020-03-05 01:31:53[WARN]<get_cb> open file error file:favicon.ico
2020-03-05 01:31:55[WARN]<add_visit_record> page_link:/favicon.ico reply_type:6
2020-03-05 01:31:55[WARN]<get_cb> open file error file:favicon.ico
2020-03-05 01:35:11[WARN]<connect_redis> redis AUTH error addr:127.0.0.1 port:6379, password:hello world
2020-03-05 01:35:15[INFO]<get_cb> error page link:/html/visit_info:
2020-03-05 01:58:18[WARN]<connect_redis> redis AUTH error addr:127.0.0.1 port:6379, password:hello world
2020-03-05 01:58:25[WARN]<add_visit_record> page_link:/html/index.html reply_type:6
2020-03-05 01:58:26[WARN]<add_visit_record> page_link:/favicon.ico reply_type:6
2020-03-05 01:58:26[WARN]<get_cb> open file error file:favicon.ico
2020-03-05 01:58:30[INFO]<get_cb> error page link:/html/index:
2020-03-05 02:01:01[WARN]<connect_redis> redis AUTH error addr:127.0.0.1 port:6379, password:hello world
2020-03-05 02:01:07[INFO]<get_cb> error page link:/html/visit_info:
2020-03-05 02:01:43[WARN]<connect_redis> redis AUTH error addr:127.0.0.1 port:6379, password:hello world
2020-03-05 02:01:48[INFO]<get_cb> error page link:/html/visit_info:
2020-03-05 02:03:28[WARN]<connect_redis> redis AUTH error addr:127.0.0.1 port:6379, password:hello world
2020-03-05 02:03:37[INFO]<get_cb> error page link:/html/visit_info:
2020-03-05 02:03:37[WARN]<add_visit_record> page_link:404.html reply_type:6
2020-03-05 02:03:37[WARN]<get_cb> open file error file:04.html
2020-03-05 02:03:52[WARN]<connect_redis> redis AUTH error addr:127.0.0.1 port:6379, password:hello world
2020-03-05 02:03:58[WARN]<add_visit_record> page_link:/favicon.ico reply_type:6
2020-03-05 02:03:58[WARN]<get_cb> open file error file:favicon.ico
2020-03-05 02:03:59[WARN]<add_visit_record> page_link:/html/index.html reply_type:6
2020-03-05 02:03:59[WARN]<add_visit_record> page_link:/favicon.ico reply_type:6
2020-03-05 02:03:59[WARN]<get_cb> open file error file:favicon.ico
2020-03-05 02:04:01[WARN]<add_visit_record> page_link:/html/Ref0_meta.html reply_type:6
2020-03-05 02:04:01[WARN]<add_visit_record> page_link:/favicon.ico reply_type:6
2020-03-05 02:04:01[WARN]<get_cb> open file error file:favicon.ico
2020-03-05 02:04:06[INFO]<get_cb> error page link:/html/visit_info:
2020-03-05 02:04:06[WARN]<add_visit_record> page_link:404.html reply_type:6
2020-03-05 02:04:06[WARN]<get_cb> open file error file:04.html
2020-03-05 02:04:24[INFO]<get_cb> error page link:/html:
2020-03-05 02:04:24[WARN]<add_visit_record> page_link:404.html reply_type:6
2020-03-05 02:04:24[WARN]<get_cb> open file error file:04.html
2020-03-05 02:05:24[WARN]<connect_redis> redis AUTH error addr:127.0.0.1 port:6379, password:hello world
2020-03-05 02:05:29[WARN]<add_visit_record> page_link:/html/Ref0_meta.html reply_type:6
2020-03-05 02:05:29[WARN]<add_visit_record> page_link:/favicon.ico reply_type:6
2020-03-05 02:05:29[WARN]<get_cb> open file error file:favicon.ico
2020-03-05 02:05:34[INFO]<get_cb> error page link:/html:
2020-03-05 02:05:34[WARN]<add_visit_record> page_link:404.html reply_type:6
2020-03-05 02:05:34[WARN]<get_cb> open file error file:04.html
2020-03-05 02:06:18[WARN]<connect_redis> redis AUTH error addr:127.0.0.1 port:6379, password:hello world
2020-03-05 02:06:22[INFO]<get_cb> error page link:/html:
2020-03-05 02:06:22[WARN]<add_visit_record> page_link:/404.html reply_type:6
2020-03-05 02:06:22[WARN]<add_visit_record> page_link:/favicon.ico reply_type:6
2020-03-05 02:06:22[WARN]<get_cb> open file error file:favicon.ico
2020-03-05 02:06:27[WARN]<add_visit_record> page_link:/html/Ref0_meta.html reply_type:6
2020-03-05 02:06:28[WARN]<add_visit_record> page_link:/favicon.ico reply_type:6
2020-03-05 02:06:28[WARN]<get_cb> open file error file:favicon.ico
2020-03-05 02:56:27[WARN]<connect_redis> redis AUTH error addr:127.0.0.1 port:6379, password:hello world
2020-03-05 02:56:36[WARN]<connect_redis> redis AUTH error addr:127.0.0.1 port:6379, password:hello world
2020-03-05 02:57:03[WARN]<add_visit_record> page_link:/favicon.ico reply_type:6
2020-03-05 02:57:03[WARN]<get_cb> open file error file:favicon.ico
2020-03-05 02:57:04[WARN]<add_visit_record> page_link:/html/Ref2_eventbase.html reply_type:6
2020-03-05 02:57:04[WARN]<add_visit_record> page_link:/favicon.ico reply_type:6
2020-03-05 02:57:04[WARN]<get_cb> open file error file:favicon.ico
2020-03-05 02:57:05[WARN]<add_visit_record> page_link:/favicon.ico reply_type:6
2020-03-05 02:57:05[WARN]<get_cb> open file error file:favicon.ico
2020-03-05 02:57:06[WARN]<add_visit_record> page_link:/html/Ref7_evbuffer.html reply_type:6
2020-03-05 02:57:06[WARN]<add_visit_record> page_link:/favicon.ico reply_type:6
2020-03-05 02:57:06[WARN]<get_cb> open file error file:favicon.ico
2020-03-05 02:57:07[WARN]<add_visit_record> page_link:/favicon.ico reply_type:6
2020-03-05 02:57:07[WARN]<get_cb> open file error file:favicon.ico
